<?xml version="1.0" encoding="UTF-8"?>
<testng-results ignored="0" total="3" passed="3" failed="0" skipped="0">
  <reporter-output>
  </reporter-output>
  <suite started-at="2022-05-10T08:15:22 IST" name="Default suite" finished-at="2022-05-10T08:15:26 IST" duration-ms="3806">
    <groups>
    </groups>
    <test started-at="2022-05-10T08:15:22 IST" name="Default test" finished-at="2022-05-10T08:15:26 IST" duration-ms="3806">
      <class name="files.DynamicJson">
        <test-method signature="addBook(java.lang.String,java.lang.String)[pri:0, instance:files.DynamicJson@6bedbc4d]" started-at="2022-05-10T08:15:22 IST" name="addBook" data-provider="BooksData" finished-at="2022-05-10T08:15:26 IST" duration-ms="3305" status="PASS">
          <params>
            <param index="0">
              <value>
                <![CDATA[sffaa]]>
              </value>
            </param>
            <param index="1">
              <value>
                <![CDATA[349193]]>
              </value>
            </param>
          </params>
          <reporter-output>
          </reporter-output>
        </test-method> <!-- addBook -->
        <test-method signature="addBook(java.lang.String,java.lang.String)[pri:0, instance:files.DynamicJson@6bedbc4d]" started-at="2022-05-10T08:15:26 IST" name="addBook" data-provider="BooksData" finished-at="2022-05-10T08:15:26 IST" duration-ms="194" status="PASS">
          <params>
            <param index="0">
              <value>
                <![CDATA[dvvvfv]]>
              </value>
            </param>
            <param index="1">
              <value>
                <![CDATA[93949]]>
              </value>
            </param>
          </params>
          <reporter-output>
          </reporter-output>
        </test-method> <!-- addBook -->
        <test-method signature="addBook(java.lang.String,java.lang.String)[pri:0, instance:files.DynamicJson@6bedbc4d]" started-at="2022-05-10T08:15:26 IST" name="addBook" data-provider="BooksData" finished-at="2022-05-10T08:15:26 IST" duration-ms="228" status="PASS">
          <params>
            <param index="0">
              <value>
                <![CDATA[svvdd]]>
              </value>
            </param>
            <param index="1">
              <value>
                <![CDATA[1384]]>
              </value>
            </param>
          </params>
          <reporter-output>
          </reporter-output>
        </test-method> <!-- addBook -->
      </class> <!-- files.DynamicJson -->
    </test> <!-- Default test -->
  </suite> <!-- Default suite -->
</testng-results>
