<?xml version="1.0" encoding="UTF-8"?>
<!-- Generated by org.testng.reporters.JUnitXMLReporter -->
<testsuite ignored="0" hostname="DESKTOP-5MGC367" failures="0" tests="3" name="Default test" time="3.806" errors="0" timestamp="2022-05-10T08:15:26 IST">
  <testcase classname="files.DynamicJson" name="addBook" time="3.305"/>
  <testcase classname="files.DynamicJson" name="addBook" time="0.194"/>
  <testcase classname="files.DynamicJson" name="addBook" time="0.228"/>
</testsuite> <!-- Default test -->
